Started at Thu Feb 11 11:03:41 GMT 2021
Processing Date
Offering Date to Project Build Discarder
Processing ps
Offering ps to Project Build Discarder
Processing test
Offering test to Project Build Discarder
Finished at Thu Feb 11 11:03:41 GMT 2021. 5ms
Started at Thu Feb 11 12:03:41 GMT 2021
Processing Date
Offering Date to Project Build Discarder
Processing Docker_ps
Offering Docker_ps to Project Build Discarder
Processing ps
Offering ps to Project Build Discarder
Processing test
Offering test to Project Build Discarder
Finished at Thu Feb 11 12:03:41 GMT 2021. 1ms
Started at Thu Feb 11 13:03:41 GMT 2021
Processing Date
Offering Date to Project Build Discarder
Processing Docker_ps
Offering Docker_ps to Project Build Discarder
Processing Git
Offering Git to Project Build Discarder
Processing ps
Offering ps to Project Build Discarder
Processing test
Offering test to Project Build Discarder
Finished at Thu Feb 11 13:03:41 GMT 2021. 2ms
